<?xml version="1.0" encoding="UTF-8"?>
<testng-results skipped="0" failed="0" total="2" passed="2">
  <reporter-output>
  </reporter-output>
  <suite name="Default suite" duration-ms="65" started-at="2019-05-20T11:58:54Z" finished-at="2019-05-20T11:58:54Z">
    <groups>
    </groups>
    <test name="Default test" duration-ms="65" started-at="2019-05-20T11:58:54Z" finished-at="2019-05-20T11:58:54Z">
      <class name="Assignments.Question2ListenerTestCase">
        <test-method status="PASS" signature="FailingTest()[pri:0, instance:Assignments.Question2ListenerTestCase@28f67ac7]" name="FailingTest" duration-ms="30" started-at="2019-05-20T17:28:54Z" finished-at="2019-05-20T17:28:54Z">
          <reporter-output>
          </reporter-output>
        </test-method> <!-- FailingTest -->
        <test-method status="PASS" signature="PassingTest()[pri:0, instance:Assignments.Question2ListenerTestCase@28f67ac7]" name="PassingTest" duration-ms="3" started-at="2019-05-20T17:28:54Z" finished-at="2019-05-20T17:28:54Z">
          <reporter-output>
          </reporter-output>
        </test-method> <!-- PassingTest -->
      </class> <!-- Assignments.Question2ListenerTestCase -->
    </test> <!-- Default test -->
  </suite> <!-- Default suite -->
</testng-results>
